2024-11-18 14:47:32,762 - Server2 - INFO - Logging started for Server2
2024-11-18 14:47:32,762 - Server2 - INFO - Server Server2 started on 0.0.0.0:8002
2024-11-18 14:47:32,763 - Server2 - INFO - Request channel established with Server1
2024-11-18 14:47:32,763 - Server2 - INFO - Gossip channel established with Server1
2024-11-18 14:47:32,764 - Server2 - INFO - Transfer channel established with Server1
2024-11-18 14:47:32,764 - Server2 - INFO - Received request message: {"source": "Server1", "destination": "Server2", "channel": "request", "type": "prompt", "text": "Hello on request channel", "id": "c4d2e403-0340-495b-8752-dc249b39bbe8"}
2024-11-18 14:47:32,764 - Server2 - INFO - Sent {'source': 'Server2', 'destination': 'Server1', 'channel': 'request', 'type': 'reply', 'text': 'Hello on request channel', 'id': 'c4d2e403-0340-495b-8752-dc249b39bbe8'} to Server1 on request channel.
2024-11-18 14:47:32,764 - Server2 - INFO - Sent {'source': 'Server2', 'destination': 'Server1', 'channel': 'gossip', 'type': 'notification', 'text': 'Hello on gossip channel', 'id': '4bcf433f-5ad2-4178-8b1d-75333f8b62b3'} to Server1 on gossip channel.
2024-11-18 14:47:34,810 - Server2 - INFO - Server Server2 stopped.
2024-11-18 14:48:24,055 - Server2 - INFO - Logging started for Server2
2024-11-18 14:48:24,055 - Server2 - INFO - Server Server2 started on 0.0.0.0:8002
2024-11-18 14:48:24,056 - Server2 - INFO - Request channel established with Server1
2024-11-18 14:48:24,056 - Server2 - INFO - Gossip channel established with Server1
2024-11-18 14:48:24,056 - Server2 - INFO - Transfer channel established with Server1
2024-11-18 14:48:24,057 - Server2 - INFO - Received request message: {"source": "Server1", "destination": "Server2", "channel": "request", "type": "prompt", "text": "Hello on request channel", "id": "19f4bd4a-2589-4a3d-afe1-45ddc06bba63"}
2024-11-18 14:48:24,057 - Server2 - INFO - Sent {'source': 'Server2', 'destination': 'Server1', 'channel': 'request', 'type': 'reply', 'text': 'Hello on request channel', 'id': '19f4bd4a-2589-4a3d-afe1-45ddc06bba63'} to Server1 on request channel.
2024-11-18 14:48:24,057 - Server2 - INFO - Sent {'source': 'Server2', 'destination': 'Server1', 'channel': 'gossip', 'type': 'notification', 'text': 'Hello on gossip channel', 'id': 'edbfb17b-3c75-45ff-9c86-b1759e26e36d'} to Server1 on gossip channel.
2024-11-18 14:48:24,057 - Server2 - INFO - Received transfer message: {"source": "Server1", "destination": "Server2", "channel": "transfer", "type": "notification", "text": "Hello on transfer channel", "id": "84417ee3-555d-4fbe-92b6-c3a6fd87ad81"}
2024-11-18 14:48:24,058 - Server2 - INFO - Server Server2 stopped.
2024-11-18 14:48:46,496 - Server2 - INFO - Logging started for Server2
2024-11-18 14:48:46,496 - Server2 - INFO - Server Server2 started on 0.0.0.0:8002
2024-11-18 14:48:46,496 - Server2 - INFO - Request channel established with Server1
2024-11-18 14:48:46,497 - Server2 - INFO - Gossip channel established with Server1
2024-11-18 14:48:46,497 - Server2 - INFO - Transfer channel established with Server1
2024-11-18 14:48:46,497 - Server2 - INFO - Received request message: {"source": "Server1", "destination": "Server2", "channel": "request", "type": "prompt", "text": "Hello on request channel", "id": "9008a315-219b-4cdd-8545-d4b1dfdd2802"}
2024-11-18 14:48:46,497 - Server2 - INFO - Sent {'source': 'Server2', 'destination': 'Server1', 'channel': 'request', 'type': 'reply', 'text': 'Hello on request channel', 'id': '9008a315-219b-4cdd-8545-d4b1dfdd2802'} to Server1 on request channel.
2024-11-18 14:48:46,498 - Server2 - INFO - Sent {'source': 'Server2', 'destination': 'Server1', 'channel': 'gossip', 'type': 'notification', 'text': 'Hello on gossip channel', 'id': 'a06d6756-ed45-417d-ba04-19b3daa39a28'} to Server1 on gossip channel.
2024-11-18 14:48:46,498 - Server2 - INFO - Received transfer message: {"source": "Server1", "destination": "Server2", "channel": "transfer", "type": "notification", "text": "Hello on transfer channel", "id": "1699326f-c92b-423f-9786-39860e3f485e"}
2024-11-18 14:48:46,498 - Server2 - INFO - Server Server2 stopped.
2024-11-18 14:51:11,507 - Server2 - INFO - Logging started for Server2
2024-11-18 14:51:11,507 - Server2 - INFO - Server Server2 started on 0.0.0.0:8002
2024-11-18 14:51:11,508 - Server2 - INFO - Request channel established with Server1
2024-11-18 14:51:11,508 - Server2 - INFO - Gossip channel established with Server1
2024-11-18 14:51:11,508 - Server2 - INFO - Transfer channel established with Server1
2024-11-18 14:51:11,509 - Server2 - INFO - Received request message: {"source": "Server1", "destination": "Server2", "channel": "request", "type": "prompt", "text": "Hello on request channel", "id": "f130f885-778e-4cee-8135-651c36ed7e54"}
2024-11-18 14:51:11,509 - Server2 - INFO - Sent {'source': 'Server2', 'destination': 'Server1', 'channel': 'request', 'type': 'reply', 'text': 'Hello on request channel', 'id': 'f130f885-778e-4cee-8135-651c36ed7e54'} to Server1 on request channel.
2024-11-18 14:51:11,509 - Server2 - INFO - Sent {'source': 'Server2', 'destination': 'Server1', 'channel': 'gossip', 'type': 'notification', 'text': 'Hello on gossip channel', 'id': 'e4d3c905-d4d2-4571-b109-6a405df95ffa'} to Server1 on gossip channel.
2024-11-18 14:51:11,509 - Server2 - INFO - Received transfer message: {"source": "Server1", "destination": "Server2", "channel": "transfer", "type": "notification", "text": "Hello on transfer channel", "id": "70586ac8-1859-4dd5-9224-c0d715d29b0d"}
2024-11-18 14:51:11,510 - Server2 - INFO - Server Server2 stopped.
2024-11-18 14:51:30,321 - Server2 - INFO - Logging started for Server2
2024-11-18 14:51:30,321 - Server2 - INFO - Server Server2 started on 0.0.0.0:8002
2024-11-18 14:51:30,322 - Server2 - INFO - Request channel established with Server1
2024-11-18 14:51:30,322 - Server2 - INFO - Gossip channel established with Server1
2024-11-18 14:51:30,322 - Server2 - INFO - Transfer channel established with Server1
2024-11-18 14:51:30,323 - Server2 - INFO - Received request message: {"source": "Server1", "destination": "Server2", "channel": "request", "type": "prompt", "text": "Hello on request channel", "id": "d9e42e5b-2cdc-4d32-9b40-c61af4e3952a"}
2024-11-18 14:51:30,323 - Server2 - INFO - Sent {'source': 'Server2', 'destination': 'Server1', 'channel': 'request', 'type': 'reply', 'text': 'Hello on request channel', 'id': 'd9e42e5b-2cdc-4d32-9b40-c61af4e3952a'} to Server1 on request channel.
2024-11-18 14:51:30,323 - Server2 - INFO - Sent {'source': 'Server2', 'destination': 'Server1', 'channel': 'gossip', 'type': 'notification', 'text': 'Hello on gossip channel', 'id': '92cd99ce-61b0-4d03-a777-96ae2be7a127'} to Server1 on gossip channel.
2024-11-18 14:51:30,323 - Server2 - INFO - Received transfer message: {"source": "Server1", "destination": "Server2", "channel": "transfer", "type": "notification", "text": "Hello on transfer channel", "id": "e4f773ac-7c65-4567-9000-6ac4cfd53ebd"}
2024-11-18 14:51:30,324 - Server2 - INFO - Server Server2 stopped.
2024-11-18 14:51:41,151 - Server2 - INFO - Logging started for Server2
2024-11-18 14:51:41,151 - Server2 - INFO - Server Server2 started on 0.0.0.0:8002
2024-11-18 14:51:41,152 - Server2 - INFO - Request channel established with Server1
2024-11-18 14:51:41,152 - Server2 - INFO - Gossip channel established with Server1
2024-11-18 14:51:41,153 - Server2 - INFO - Transfer channel established with Server1
2024-11-18 14:51:41,153 - Server2 - INFO - Received request message: {"source": "Server1", "destination": "Server2", "channel": "request", "type": "prompt", "text": "Hello on request channel", "id": "aaf296d7-9ba8-4d12-9321-956cf4917924"}
2024-11-18 14:51:41,153 - Server2 - INFO - Sent {'source': 'Server2', 'destination': 'Server1', 'channel': 'request', 'type': 'reply', 'text': 'Hello on request channel', 'id': 'aaf296d7-9ba8-4d12-9321-956cf4917924'} to Server1 on request channel.
2024-11-18 14:51:41,153 - Server2 - INFO - Sent {'source': 'Server2', 'destination': 'Server1', 'channel': 'gossip', 'type': 'notification', 'text': 'Hello on gossip channel', 'id': '485bf5f7-7020-4386-8f98-f70cf7294cc9'} to Server1 on gossip channel.
2024-11-18 14:51:41,153 - Server2 - INFO - Received transfer message: {"source": "Server1", "destination": "Server2", "channel": "transfer", "type": "notification", "text": "Hello on transfer channel", "id": "03807d88-c1a6-4953-9009-0f0df6e08f96"}
2024-11-18 14:51:41,154 - Server2 - INFO - Server Server2 stopped.
2024-11-18 14:51:42,370 - Server2 - INFO - Logging started for Server2
2024-11-18 14:51:42,370 - Server2 - INFO - Server Server2 started on 0.0.0.0:8002
2024-11-18 14:51:42,371 - Server2 - INFO - Request channel established with Server1
2024-11-18 14:51:42,371 - Server2 - INFO - Gossip channel established with Server1
2024-11-18 14:51:42,371 - Server2 - INFO - Transfer channel established with Server1
2024-11-18 14:51:42,372 - Server2 - INFO - Received request message: {"source": "Server1", "destination": "Server2", "channel": "request", "type": "prompt", "text": "Hello on request channel", "id": "b1d2bbdb-fbfe-4a00-a432-99f1974978a9"}
2024-11-18 14:51:42,372 - Server2 - INFO - Sent {'source': 'Server2', 'destination': 'Server1', 'channel': 'request', 'type': 'reply', 'text': 'Hello on request channel', 'id': 'b1d2bbdb-fbfe-4a00-a432-99f1974978a9'} to Server1 on request channel.
2024-11-18 14:51:42,372 - Server2 - INFO - Sent {'source': 'Server2', 'destination': 'Server1', 'channel': 'gossip', 'type': 'notification', 'text': 'Hello on gossip channel', 'id': '3e2203a1-5a57-45fe-9a88-4c6a8c9dca96'} to Server1 on gossip channel.
2024-11-18 14:51:42,373 - Server2 - INFO - Received transfer message: {"source": "Server1", "destination": "Server2", "channel": "transfer", "type": "notification", "text": "Hello on transfer channel", "id": "5ce244ae-08ef-4ce2-816b-c4a18b3e70ed"}
2024-11-18 14:51:42,373 - Server2 - INFO - Server Server2 stopped.
2024-11-18 14:52:14,802 - Server2 - INFO - Logging started for Server2
2024-11-18 14:52:14,803 - Server2 - INFO - Server Server2 started on 0.0.0.0:8002
2024-11-18 14:52:14,803 - Server2 - INFO - Request channel established with Server1
2024-11-18 14:52:14,803 - Server2 - INFO - Gossip channel established with Server1
2024-11-18 14:52:14,803 - Server2 - INFO - Transfer channel established with Server1
2024-11-18 14:52:14,804 - Server2 - INFO - Received request message: {"source": "Server1", "destination": "Server2", "channel": "request", "type": "prompt", "text": "Hello on request channel", "id": "37996836-5dd6-4f32-80d5-b9811dfbe9aa"}
2024-11-18 14:52:14,804 - Server2 - INFO - Sent {'source': 'Server2', 'destination': 'Server1', 'channel': 'request', 'type': 'reply', 'text': 'Hello on request channel', 'id': '37996836-5dd6-4f32-80d5-b9811dfbe9aa'} to Server1 on request channel.
2024-11-18 14:52:14,804 - Server2 - INFO - Sent {'source': 'Server2', 'destination': 'Server1', 'channel': 'gossip', 'type': 'notification', 'text': 'Hello on gossip channel', 'id': 'c6cb236f-4d9f-4e34-84b8-5b6aba1e6705'} to Server1 on gossip channel.
2024-11-18 14:52:14,804 - Server2 - INFO - Received transfer message: {"source": "Server1", "destination": "Server2", "channel": "transfer", "type": "notification", "text": "Hello on transfer channel", "id": "3c24ea48-9679-4888-a79c-9e2950dc39e7"}
2024-11-18 14:52:14,805 - Server2 - INFO - Server Server2 stopped.
2024-11-18 14:57:53,921 - Server2 - INFO - Logging started for Server2
2024-11-18 14:57:53,921 - Server2 - INFO - Server Server2 started on 0.0.0.0:8002
2024-11-18 14:57:53,921 - Server2 - INFO - Request channel established with Server1
2024-11-18 14:57:53,922 - Server2 - INFO - Gossip channel established with Server1
2024-11-18 14:57:53,922 - Server2 - INFO - Transfer channel established with Server1
2024-11-18 14:57:53,922 - Server2 - INFO - Received request message: {"source": "Server1", "destination": "Server2", "channel": "request", "type": "prompt", "text": "Hello on request channel", "id": "54d49e25-dbd7-4448-94cf-ae0df79e1fee"}
2024-11-18 14:57:53,922 - Server2 - INFO - Sent {'source': 'Server2', 'destination': 'Server1', 'channel': 'request', 'type': 'reply', 'text': 'Hello on request channel', 'id': '54d49e25-dbd7-4448-94cf-ae0df79e1fee'} to Server1 on request channel.
2024-11-18 14:57:53,923 - Server2 - INFO - Sent {'source': 'Server2', 'destination': 'Server1', 'channel': 'gossip', 'type': 'notification', 'text': 'Hello on gossip channel', 'id': '8f0563ec-fcd4-46d4-bc32-1c69adf87576'} to Server1 on gossip channel.
2024-11-18 14:57:53,923 - Server2 - INFO - Received transfer message: {"source": "Server1", "destination": "Server2", "channel": "transfer", "type": "notification", "text": "Hello on transfer channel", "id": "3f0ec019-f309-481a-927b-3e3b578057f9"}
2024-11-18 14:57:53,923 - Server2 - CRITICAL - Error handling gossip channel: [Errno 9] Bad file descriptor
2024-11-18 14:57:53,923 - Server2 - CRITICAL - Error handling transfer channel: [Errno 9] Bad file descriptor
2024-11-18 14:57:53,924 - Server2 - INFO - Server Server2 stopped.
2024-11-18 14:58:43,345 - Server2 - INFO - Logging started for Server2
2024-11-18 14:58:43,345 - Server2 - INFO - Server Server2 started on 0.0.0.0:8002
2024-11-18 14:58:43,345 - Server2 - INFO - Request channel established with Server1
2024-11-18 14:58:43,346 - Server2 - INFO - Gossip channel established with Server1
2024-11-18 14:58:43,346 - Server2 - INFO - Transfer channel established with Server1
2024-11-18 14:58:43,346 - Server2 - INFO - Received request message: {"source": "Server1", "destination": "Server2", "channel": "request", "type": "prompt", "text": "Hello on request channel", "id": "6cc2e40a-afa4-444c-8882-27ba7ee9eb72"}
2024-11-18 14:58:43,346 - Server2 - INFO - Sent {'source': 'Server2', 'destination': 'Server1', 'channel': 'request', 'type': 'reply', 'text': 'Hello on request channel', 'id': '6cc2e40a-afa4-444c-8882-27ba7ee9eb72'} to Server1 on request channel.
2024-11-18 14:58:43,347 - Server2 - INFO - Sent {'source': 'Server2', 'destination': 'Server1', 'channel': 'gossip', 'type': 'notification', 'text': 'Hello on gossip channel', 'id': '1e3ed702-3df1-486a-942e-56cdc5a4c346'} to Server1 on gossip channel.
2024-11-18 14:58:43,347 - Server2 - INFO - Received transfer message: {"source": "Server1", "destination": "Server2", "channel": "transfer", "type": "notification", "text": "Hello on transfer channel", "id": "83a5bcec-9231-43c4-9ea1-24089f21aee7"}
2024-11-18 14:59:01,733 - Server2 - INFO - Logging started for Server2
2024-11-18 14:59:01,733 - Server2 - INFO - Server Server2 started on 0.0.0.0:8002
2024-11-18 14:59:01,734 - Server2 - INFO - Request channel established with Server1
2024-11-18 14:59:01,734 - Server2 - INFO - Gossip channel established with Server1
2024-11-18 14:59:01,734 - Server2 - INFO - Transfer channel established with Server1
2024-11-18 14:59:01,735 - Server2 - INFO - Received request message: {"source": "Server1", "destination": "Server2", "channel": "request", "type": "prompt", "text": "Hello on request channel", "id": "95f37750-ee74-402f-8f63-b5e93a7e1e1c"}
2024-11-18 14:59:01,735 - Server2 - INFO - Sent {'source': 'Server2', 'destination': 'Server1', 'channel': 'request', 'type': 'reply', 'text': 'Hello on request channel', 'id': '95f37750-ee74-402f-8f63-b5e93a7e1e1c'} to Server1 on request channel.
2024-11-18 14:59:01,735 - Server2 - INFO - Sent {'source': 'Server2', 'destination': 'Server1', 'channel': 'gossip', 'type': 'notification', 'text': 'Hello on gossip channel', 'id': '9d57403c-ab61-4edd-adc2-86dc49935d11'} to Server1 on gossip channel.
2024-11-18 14:59:01,735 - Server2 - INFO - Received transfer message: {"source": "Server1", "destination": "Server2", "channel": "transfer", "type": "notification", "text": "Hello on transfer channel", "id": "4d85c7a8-b126-4f48-bb98-0a7ca011c513"}
2024-11-18 14:59:01,736 - Server2 - ERROR - Server Server2 is down.
2024-11-18 14:59:43,462 - Server2 - INFO - Logging started for Server2
2024-11-18 14:59:43,462 - Server2 - INFO - Server Server2 started on 0.0.0.0:8002
2024-11-18 14:59:43,463 - Server2 - INFO - Request channel established with Server1
2024-11-18 14:59:43,463 - Server2 - INFO - Gossip channel established with Server1
2024-11-18 14:59:43,463 - Server2 - INFO - Transfer channel established with Server1
2024-11-18 14:59:43,464 - Server2 - INFO - Received request message: {"source": "Server1", "destination": "Server2", "channel": "request", "type": "prompt", "text": "Hello on request channel", "id": "b969ff4b-0c17-4979-95fe-3fee5a26aee6"}
2024-11-18 14:59:43,464 - Server2 - INFO - Sent {'source': 'Server2', 'destination': 'Server1', 'channel': 'request', 'type': 'reply', 'text': 'Hello on request channel', 'id': 'b969ff4b-0c17-4979-95fe-3fee5a26aee6'} to Server1 on request channel.
2024-11-18 14:59:43,464 - Server2 - INFO - Sent {'source': 'Server2', 'destination': 'Server1', 'channel': 'gossip', 'type': 'notification', 'text': 'Hello on gossip channel', 'id': 'c849cc66-95a5-4558-a8db-40e7514b8cae'} to Server1 on gossip channel.
2024-11-18 14:59:43,464 - Server2 - INFO - Received transfer message: {"source": "Server1", "destination": "Server2", "channel": "transfer", "type": "notification", "text": "Hello on transfer channel", "id": "749a3a6a-606f-432c-9687-ee87c618a104"}
2024-11-18 14:59:43,465 - Server2 - ERROR - Server Server2 is down.
2024-11-18 14:59:43,465 - Server2 - INFO - Server Server2 stopped.
